js?key=AIzaSyCuBishTQ8dUqiEw27vBOHsKg1sHRZTvGA&libraries=places:1439 Google Maps JavaScript API has been loaded directly without loading=async. This can result in suboptimal performance. For best-practice loading patterns please see https://goo.gle/js-api-loading
bda @ js?key=AIzaSyCuBishTQ8dUqiEw27vBOHsKg1sHRZTvGA&libraries=places:1439
(anonymous) @ js?key=AIzaSyCuBishTQ8dUqiEw27vBOHsKg1sHRZTvGA&libraries=places:14
(anonymous) @ js?key=AIzaSyCuBishTQ8dUqiEw27vBOHsKg1sHRZTvGA&libraries=places:1674
(anonymous) @ js?key=AIzaSyCuBishTQ8dUqiEw27vBOHsKg1sHRZTvGA&libraries=places:1674
client:789 [vite] connecting...
client:912 [vite] connected.
js?key=AIzaSyCuBishTQ8dUqiEw27vBOHsKg1sHRZTvGA&libraries=places:1467 XHR finished loading: GET "https://maps.googleapis.com/maps/api/mapsjs/gen_204?csp_test=true".
(anonymous) @ js?key=AIzaSyCuBishTQ8dUqiEw27vBOHsKg1sHRZTvGA&libraries=places:1467
Zca @ js?key=AIzaSyCuBishTQ8dUqiEw27vBOHsKg1sHRZTvGA&libraries=places:1448
bda @ js?key=AIzaSyCuBishTQ8dUqiEw27vBOHsKg1sHRZTvGA&libraries=places:1440
(anonymous) @ js?key=AIzaSyCuBishTQ8dUqiEw27vBOHsKg1sHRZTvGA&libraries=places:14
(anonymous) @ js?key=AIzaSyCuBishTQ8dUqiEw27vBOHsKg1sHRZTvGA&libraries=places:1674
(anonymous) @ js?key=AIzaSyCuBishTQ8dUqiEw27vBOHsKg1sHRZTvGA&libraries=places:1674
properties-create.tsx:121 Fetch finished loading: GET "http://127.0.0.1:8000/api/countries".
(anonymous) @ properties-create.tsx:121
react-stack-bottom-frame @ react-dom_client.js?v=68af5263:16242
runWithFiberInDEV @ react-dom_client.js?v=68af5263:726
commitHookEffectListMount @ react-dom_client.js?v=68af5263:7767
commitHookPassiveMountEffects @ react-dom_client.js?v=68af5263:7825
commitPassiveMountOnFiber @ react-dom_client.js?v=68af5263:9182
recursivelyTraversePassiveMountEffects @ react-dom_client.js?v=68af5263:9163
commitPassiveMountOnFiber @ react-dom_client.js?v=68af5263:9265
recursivelyTraversePassiveMountEffects @ react-dom_client.js?v=68af5263:9163
commitPassiveMountOnFiber @ react-dom_client.js?v=68af5263:9265
recursivelyTraversePassiveMountEffects @ react-dom_client.js?v=68af5263:9163
commitPassiveMountOnFiber @ react-dom_client.js?v=68af5263:9176
recursivelyTraversePassiveMountEffects @ react-dom_client.js?v=68af5263:9163
commitPassiveMountOnFiber @ react-dom_client.js?v=68af5263:9265
recursivelyTraversePassiveMountEffects @ react-dom_client.js?v=68af5263:9163
commitPassiveMountOnFiber @ react-dom_client.js?v=68af5263:9186
flushPassiveEffects @ react-dom_client.js?v=68af5263:11119
performSyncWorkOnRoot @ react-dom_client.js?v=68af5263:11445
flushSyncWorkAcrossRoots_impl @ react-dom_client.js?v=68af5263:11356
commitRootImpl @ react-dom_client.js?v=68af5263:11073
commitRoot @ react-dom_client.js?v=68af5263:10989
commitRootWhenReady @ react-dom_client.js?v=68af5263:10477
performWorkOnRoot @ react-dom_client.js?v=68af5263:10421
performWorkOnRootViaSchedulerTask @ react-dom_client.js?v=68af5263:11436
performWorkUntilDeadline @ react-dom_client.js?v=68af5263:35
properties-create.tsx:130 Fetch finished loading: GET "http://127.0.0.1:8000/api/states/1".
(anonymous) @ properties-create.tsx:130
react-stack-bottom-frame @ react-dom_client.js?v=68af5263:16242
runWithFiberInDEV @ react-dom_client.js?v=68af5263:726
commitHookEffectListMount @ react-dom_client.js?v=68af5263:7767
commitHookPassiveMountEffects @ react-dom_client.js?v=68af5263:7825
commitPassiveMountOnFiber @ react-dom_client.js?v=68af5263:9182
recursivelyTraversePassiveMountEffects @ react-dom_client.js?v=68af5263:9163
commitPassiveMountOnFiber @ react-dom_client.js?v=68af5263:9265
recursivelyTraversePassiveMountEffects @ react-dom_client.js?v=68af5263:9163
commitPassiveMountOnFiber @ react-dom_client.js?v=68af5263:9265
recursivelyTraversePassiveMountEffects @ react-dom_client.js?v=68af5263:9163
commitPassiveMountOnFiber @ react-dom_client.js?v=68af5263:9176
recursivelyTraversePassiveMountEffects @ react-dom_client.js?v=68af5263:9163
commitPassiveMountOnFiber @ react-dom_client.js?v=68af5263:9265
recursivelyTraversePassiveMountEffects @ react-dom_client.js?v=68af5263:9163
commitPassiveMountOnFiber @ react-dom_client.js?v=68af5263:9186
flushPassiveEffects @ react-dom_client.js?v=68af5263:11119
commitRootImpl @ react-dom_client.js?v=68af5263:11070
commitRoot @ react-dom_client.js?v=68af5263:10989
commitRootWhenReady @ react-dom_client.js?v=68af5263:10477
performWorkOnRoot @ react-dom_client.js?v=68af5263:10421
performSyncWorkOnRoot @ react-dom_client.js?v=68af5263:11448
flushSyncWorkAcrossRoots_impl @ react-dom_client.js?v=68af5263:11356
flushSyncWork$1 @ react-dom_client.js?v=68af5263:10533
batchedUpdates$1 @ react-dom_client.js?v=68af5263:2543
dispatchEventForPluginEventSystem @ react-dom_client.js?v=68af5263:11683
dispatchEvent @ react-dom_client.js?v=68af5263:14608
dispatchDiscreteEvent @ react-dom_client.js?v=68af5263:14589
(anonymous) @ content-script.js:2425
fireEvents @ content-script.js:2425
fillSelectElement @ content-script.js:2425
(anonymous) @ content-script.js:2425
fillAllElements @ content-script.js:2425
fillAllInputs @ content-script.js:2425
fs @ VM10843:1
(anonymous) @ VM10843:1
properties-create.tsx:142 Fetch finished loading: GET "http://127.0.0.1:8000/api/suburbs/1".
(anonymous) @ properties-create.tsx:142
react-stack-bottom-frame @ react-dom_client.js?v=68af5263:16242
runWithFiberInDEV @ react-dom_client.js?v=68af5263:726
commitHookEffectListMount @ react-dom_client.js?v=68af5263:7767
commitHookPassiveMountEffects @ react-dom_client.js?v=68af5263:7825
commitPassiveMountOnFiber @ react-dom_client.js?v=68af5263:9182
recursivelyTraversePassiveMountEffects @ react-dom_client.js?v=68af5263:9163
commitPassiveMountOnFiber @ react-dom_client.js?v=68af5263:9265
recursivelyTraversePassiveMountEffects @ react-dom_client.js?v=68af5263:9163
commitPassiveMountOnFiber @ react-dom_client.js?v=68af5263:9265
recursivelyTraversePassiveMountEffects @ react-dom_client.js?v=68af5263:9163
commitPassiveMountOnFiber @ react-dom_client.js?v=68af5263:9176
recursivelyTraversePassiveMountEffects @ react-dom_client.js?v=68af5263:9163
commitPassiveMountOnFiber @ react-dom_client.js?v=68af5263:9265
recursivelyTraversePassiveMountEffects @ react-dom_client.js?v=68af5263:9163
commitPassiveMountOnFiber @ react-dom_client.js?v=68af5263:9186
flushPassiveEffects @ react-dom_client.js?v=68af5263:11119
commitRootImpl @ react-dom_client.js?v=68af5263:11070
commitRoot @ react-dom_client.js?v=68af5263:10989
commitRootWhenReady @ react-dom_client.js?v=68af5263:10477
performWorkOnRoot @ react-dom_client.js?v=68af5263:10421
performSyncWorkOnRoot @ react-dom_client.js?v=68af5263:11448
flushSyncWorkAcrossRoots_impl @ react-dom_client.js?v=68af5263:11356
flushSyncWork$1 @ react-dom_client.js?v=68af5263:10533
batchedUpdates$1 @ react-dom_client.js?v=68af5263:2543
dispatchEventForPluginEventSystem @ react-dom_client.js?v=68af5263:11683
dispatchEvent @ react-dom_client.js?v=68af5263:14608
dispatchDiscreteEvent @ react-dom_client.js?v=68af5263:14589
handleMouseUp_ @ unknown
properties-create.tsx:155 Submitting form
properties-create.tsx:172 Payload to submit: {title: 'In ex rerum non est ', description: 'Est vel eligendi com', property_type_id: '1', listing_method_id: '5', listing_status_id: '5', …}baths: "57"beds: "54"building_size: "64"building_size_unit: "sqft"categories: [2]country_id: "1"description: "Est vel eligendi com"dynamic_attributes: {}ensuites: "86"features: (12) [1, 2, 4, 6, 7, 8, 13, 14, 16, 17, 19, 20]garage_spaces: "53"land_size: "54"land_size_unit: "acre"lat: "63"listing_method_id: "5"listing_status_id: "5"long: "52"media: []parking_spaces: "67"postcode: "2026"prices: []property_type_id: "1"slug: "Quas est fuga Dolo"state_id: "1"street_name: "Qui deleniti distinc"street_number: "Impedit aliqua Exe"suburb_id: "3"title: "In ex rerum non est "unit_number: "Assumenda eiusmod nu"[[Prototype]]: Object
properties-create.tsx:174 XHR finished loading: POST "http://127.0.0.1:8000/properties".
dispatchXhrRequest @ @inertiajs_react.js?v=68af5263:4866
xhr @ @inertiajs_react.js?v=68af5263:4746
dispatchRequest @ @inertiajs_react.js?v=68af5263:5221
_request @ @inertiajs_react.js?v=68af5263:5442
request @ @inertiajs_react.js?v=68af5263:5333
wrap @ @inertiajs_react.js?v=68af5263:3226
send @ @inertiajs_react.js?v=68af5263:6532
send @ @inertiajs_react.js?v=68af5263:6561
visit @ @inertiajs_react.js?v=68af5263:6635
post @ @inertiajs_react.js?v=68af5263:6596
(anonymous) @ @inertiajs_react.js?v=68af5263:7120
(anonymous) @ @inertiajs_react.js?v=68af5263:7138
handleSubmit @ properties-create.tsx:174
processDispatchQueue @ react-dom_client.js?v=68af5263:11577
(anonymous) @ react-dom_client.js?v=68af5263:11988
batchedUpdates$1 @ react-dom_client.js?v=68af5263:2539
dispatchEventForPluginEventSystem @ react-dom_client.js?v=68af5263:11683
dispatchEvent @ react-dom_client.js?v=68af5263:14608
dispatchDiscreteEvent @ react-dom_client.js?v=68af5263:14589
properties-create.tsx:174 XHR finished loading: GET "http://127.0.0.1:8000/properties/create".
dispatchXhrRequest @ @inertiajs_react.js?v=68af5263:4866
xhr @ @inertiajs_react.js?v=68af5263:4746
dispatchRequest @ @inertiajs_react.js?v=68af5263:5221
_request @ @inertiajs_react.js?v=68af5263:5442
request @ @inertiajs_react.js?v=68af5263:5333
wrap @ @inertiajs_react.js?v=68af5263:3226
send @ @inertiajs_react.js?v=68af5263:6532
send @ @inertiajs_react.js?v=68af5263:6561
visit @ @inertiajs_react.js?v=68af5263:6635
post @ @inertiajs_react.js?v=68af5263:6596
(anonymous) @ @inertiajs_react.js?v=68af5263:7120
(anonymous) @ @inertiajs_react.js?v=68af5263:7138
handleSubmit @ properties-create.tsx:174
processDispatchQueue @ react-dom_client.js?v=68af5263:11577
(anonymous) @ react-dom_client.js?v=68af5263:11988
batchedUpdates$1 @ react-dom_client.js?v=68af5263:2539
dispatchEventForPluginEventSystem @ react-dom_client.js?v=68af5263:11683
dispatchEvent @ react-dom_client.js?v=68af5263:14608
dispatchDiscreteEvent @ react-dom_client.js?v=68af5263:14589
